[2016.02.06-06.58.16:103][  0]Log file open, 02/06/16 14:58:16
[2016.02.06-06.58.16:103][  0]LogInit:Display: Running engine for game: Blob
[2016.02.06-06.58.16:103][  0]LogPlatformFile: Not using cached read wrapper
[2016.02.06-06.58.16:103][  0]LogInit:Display: RandInit(174469329) SRandInit(174469330).
[2016.02.06-06.58.16:103][  0]LogTaskGraph: Started task graph with 4 named threads and 5 total threads.
[2016.02.06-06.58.16:103][  0]LogStats: Stats thread started at 0.081281
[2016.02.06-06.58.16:103][  0]LogInit: Version: 4.10.2-2818068+++depot+UE4-Releases+4.10
[2016.02.06-06.58.16:103][  0]LogInit: API Version: 2758231
[2016.02.06-06.58.16:103][  0]LogInit: Compiled (64-bit): Jan  6 2016 17:36:42
[2016.02.06-06.58.16:103][  0]LogInit: Compiled with Visual C++: 19.00.23026.00
[2016.02.06-06.58.16:103][  0]LogInit: Build Configuration: Development
[2016.02.06-06.58.16:103][  0]LogInit: Branch Name: ++depot+UE4-Releases+4.10
[2016.02.06-06.58.16:103][  0]LogInit: Command line:  
[2016.02.06-06.58.16:103][  0]LogInit: Base directory: C:/Program Files (x86)/Epic Games/4.10/Engine/Binaries/Win64/
[2016.02.06-06.58.16:103][  0]LogInit: Rocket: 1
[2016.02.06-06.58.16:119][  0]LogInit: Using libcurl 7.41.0
[2016.02.06-06.58.16:119][  0]LogInit:  - built for x86_64-pc-win32
[2016.02.06-06.58.16:119][  0]LogInit:  - supports SSL with WinSSL
[2016.02.06-06.58.16:119][  0]LogInit:  - other features:
[2016.02.06-06.58.16:119][  0]LogInit:      CURL_VERSION_SSL
[2016.02.06-06.58.16:119][  0]LogInit:      CURL_VERSION_IPV6
[2016.02.06-06.58.16:119][  0]LogInit:      CURL_VERSION_ASYNCHDNS
[2016.02.06-06.58.16:119][  0]LogInit:      CURL_VERSION_LARGEFILE
[2016.02.06-06.58.16:119][  0]LogInit:      CURL_VERSION_IDN
[2016.02.06-06.58.16:119][  0]LogInit:  CurlRequestOptions (configurable via config and command line):
[2016.02.06-06.58.16:119][  0]LogInit:  - bVerifyPeer = true  - Libcurl will verify peer certificate
[2016.02.06-06.58.16:119][  0]LogInit:  - bUseHttpProxy = false  - Libcurl will NOT use HTTP proxy
[2016.02.06-06.58.16:119][  0]LogInit:  - bDontReuseConnections = false  - Libcurl will reuse connections
[2016.02.06-06.58.16:119][  0]LogInit:  - CertBundlePath = nullptr  - Libcurl will use whatever was configured at build time.
[2016.02.06-06.58.16:119][  0]LogInit: Presizing for 0 objects not considered by GC, pre-allocating 0 bytes.
[2016.02.06-06.58.16:134][  0]LogInit: Object subsystem initialized
[2016.02.06-06.58.16:134][  0]LogInit: Selected Device Profile: [Windows]
[2016.02.06-06.58.16:134][  0]LogInit: Applying CVar settings loaded from the selected device profile: [Windows]
[2016.02.06-06.58.16:202][  0]LogInit: Computer: PIGOBLOCK
[2016.02.06-06.58.16:202][  0]LogInit: User: Pigoblock
[2016.02.06-06.58.16:202][  0]LogInit: CPU Page size=4096, Cores=2
[2016.02.06-06.58.16:202][  0]LogInit: High frequency timer resolution =2.240902 MHz
[2016.02.06-06.58.16:202][  0]LogMemory: Memory total: Physical=3.9GB (4GB approx)
[2016.02.06-06.58.16:202][  0]LogMemory: Platform Memory Stats for Windows
[2016.02.06-06.58.16:202][  0]LogMemory: Process Physical Memory: 54.26 MB used, 54.26 MB peak
[2016.02.06-06.58.16:202][  0]LogMemory: Process Virtual Memory: 57.32 MB used, 57.32 MB peak
[2016.02.06-06.58.16:202][  0]LogMemory: Physical Memory: 2757.36 MB used, 3979.03 MB total
[2016.02.06-06.58.16:202][  0]LogMemory: Virtual Memory: 364.58 MB used, 134217728.00 MB total
[2016.02.06-06.58.16:778][  0]LogTextLocalizationManager: No specific translations for ('en-SG') exist, so ('en') translations will be used.
[2016.02.06-06.58.17:464][  0]LogD3D11RHI: Found D3D11 adapter 0: Intel(R) HD Graphics Family (Feature Level 11_0)
[2016.02.06-06.58.17:464][  0]LogD3D11RHI: Adapter has 32MB of dedicated video memory, 0MB of dedicated system memory, and 1760MB of shared system memory, 1 output[s]
[2016.02.06-06.58.17:486][  0]LogD3D11RHI: Found D3D11 adapter 1: NVIDIA GeForce GT 730M (Feature Level 11_0)
[2016.02.06-06.58.17:486][  0]LogD3D11RHI: Adapter has 1993MB of dedicated video memory, 0MB of dedicated system memory, and 1989MB of shared system memory, 0 output[s]
[2016.02.06-06.58.17:507][  0]LogD3D11RHI: Found D3D11 adapter 2: Microsoft Basic Render Driver (Feature Level 11_0)
[2016.02.06-06.58.17:507][  0]LogD3D11RHI: Adapter has 0MB of dedicated video memory, 0MB of dedicated system memory, and 256MB of shared system memory, 0 output[s]
[2016.02.06-06.58.17:508][  0]LogD3D11RHI: Chosen D3D11 Adapter Id = 0
[2016.02.06-06.58.17:514][  0]LogD3D11RHI: !Direct3DDevice
[2016.02.06-06.58.17:514][  0]LogRHI: Texture pool is 1361 MB (70% of 1945 MB)
[2016.02.06-06.58.17:531][  0]LogD3D11RHI: Async texture creation enabled
[2016.02.06-06.58.17:549][  0]LogShaderCompilers: Guid format shader working directory is -5 characters bigger than the processId version (../../../../../../Users/Wan/Documents/GitHub/Blob/Intermediate/Shaders/WorkingDirectory/2096/).
[2016.02.06-06.58.17:549][  0]LogShaderCompilers: Cleaned the shader compiler working directory 'C:/Users/Wan/AppData/Local/Temp/UnrealShaderWorkingDir/148717D3480C91B9482D9690E4A9DAC7/'.
[2016.02.06-06.58.17:549][  0]LogShaderCompilers:Display: Using Local Shader Compiler.
[2016.02.06-06.58.20:469][  0]LogTemp:Display: Loaded TP AllDesktopTargetPlatform
[2016.02.06-06.58.20:475][  0]LogTemp:Display: Loaded TP WindowsClientTargetPlatform
[2016.02.06-06.58.20:482][  0]LogTemp:Display: Loaded TP WindowsNoEditorTargetPlatform
[2016.02.06-06.58.20:488][  0]LogTemp:Display: Loaded TP WindowsServerTargetPlatform
[2016.02.06-06.58.20:493][  0]LogTemp:Display: Loaded TP WindowsTargetPlatform
[2016.02.06-06.58.20:498][  0]LogTemp:Display: Loaded TP AndroidTargetPlatform
[2016.02.06-06.58.20:501][  0]LogTemp:Display: Loaded TP Android_ASTCTargetPlatform
[2016.02.06-06.58.20:505][  0]LogTemp:Display: Loaded TP Android_ATCTargetPlatform
[2016.02.06-06.58.20:508][  0]LogTemp:Display: Loaded TP Android_DXTTargetPlatform
[2016.02.06-06.58.20:512][  0]LogTemp:Display: Loaded TP Android_ETC1TargetPlatform
[2016.02.06-06.58.20:517][  0]LogTemp:Display: Loaded TP Android_ETC2TargetPlatform
[2016.02.06-06.58.20:525][  0]LogTemp:Display: Loaded TP Android_MultiTargetPlatform
[2016.02.06-06.58.20:525][  0]LogTemp:Display: Loaded TP Android_PVRTCTargetPlatform
[2016.02.06-06.58.20:526][  0]LogTemp:Display: Loaded TP HTML5TargetPlatform
[2016.02.06-06.58.20:548][  0]LogTemp:Display: Loaded TP IOSTargetPlatform
[2016.02.06-06.58.20:552][  0]LogTemp:Display: Loaded TP LinuxNoEditorTargetPlatform
[2016.02.06-06.58.20:555][  0]LogTemp:Display: Loaded TP LinuxServerTargetPlatform
[2016.02.06-06.58.20:562][  0]LogTemp:Display: Loaded TP LinuxTargetPlatform
[2016.02.06-06.58.20:562][  0]LogTargetPlatformManager:Display: Building Assets For Windows
[2016.02.06-06.58.20:669][  0]LogDerivedDataCache:Display: Max Cache Size: 512 MB
[2016.02.06-06.58.20:994][  0]LogDerivedDataCache: Loaded boot cache 0.33s 41MB C:/Users/Wan/AppData/Local/UnrealEngine/4.10/DerivedDataCache/Boot.ddc.
[2016.02.06-06.58.20:994][  0]LogDerivedDataCache:Display: Loaded Boot cache: C:/Users/Wan/AppData/Local/UnrealEngine/4.10/DerivedDataCache/Boot.ddc
[2016.02.06-06.58.20:994][  0]LogDerivedDataCache: FDerivedDataBackendGraph:  Pak pak cache file ../../../../../../Users/Wan/Documents/GitHub/Blob/DerivedDataCache/DDC.ddp not found, will not use a pak cache.
[2016.02.06-06.58.20:994][  0]LogDerivedDataCache: Unable to find inner node Pak for hierarchical cache Hierarchy.
[2016.02.06-06.58.20:995][  0]LogDerivedDataCache: FDerivedDataBackendGraph:  CompressedPak pak cache file ../../../../../../Users/Wan/Documents/GitHub/Blob/DerivedDataCache/Compressed.ddp not found, will not use a pak cache.
[2016.02.06-06.58.20:995][  0]LogDerivedDataCache: Unable to find inner node CompressedPak for hierarchical cache Hierarchy.
[2016.02.06-06.58.21:096][  0]LogDerivedDataCache:Display: Pak cache opened for reading ../../../Engine/DerivedDataCache/Compressed.ddp.
[2016.02.06-06.58.21:108][  0]LogDerivedDataCache: Using Local data cache path C:/Users/Wan/AppData/Local/UnrealEngine/Common/DerivedDataCache: Writable
[2016.02.06-06.58.27:783][  0]LogInit: Selected Device Profile: [Windows]
[2016.02.06-06.58.27:786][  0]LogContentStreaming: Texture pool size is 0.000000MB
[2016.02.06-06.58.28:145][  0]LogMeshUtilities: No automatic mesh reduction module available
[2016.02.06-06.58.28:145][  0]LogMeshUtilities: No automatic mesh merging module available
[2016.02.06-06.58.29:442][  0]LogInit: WinSock: version 1.1 (2.2), MaxSocks=32767, MaxUdp=65467
[2016.02.06-06.58.40:155][  0]UdpMessaging: Initializing bridge on interface 0.0.0.0:0 to multicast group 230.0.0.1:6666.
[2016.02.06-06.58.44:618][  0]LogAssetRegistry: FAssetRegistry took 0.0109 seconds to start up
[2016.02.06-06.58.52:181][  0]SourceControl: Info Source control is disabled
[2016.02.06-06.58.52:182][  0]SourceControl: Info Source control is disabled
[2016.02.06-06.58.52:709][  0]SourceControl: Info Source control is disabled
[2016.02.06-06.58.53:118][  0]SourceControl: Info Source control is disabled
[2016.02.06-06.59.05:295][  0]LogObj: 28633 objects as part of root set at end of initial load.
[2016.02.06-06.59.05:295][  0]LogUObjectAllocator: 6099744 out of 0 bytes used by permanent object pool.
[2016.02.06-06.59.05:537][  0]LogEngine: Initializing Engine...
[2016.02.06-06.59.05:541][  0]LogHMD: Can't find Oculus library dev build: is proper Runtime installed? Version: 0.8.0.0
[2016.02.06-06.59.05:682][  0]LogHMD: SteamVR failed to initialize.  Err: 110
[2016.02.06-06.59.06:701][  0]LogAIModule: Creating AISystem for world NewWorld
[2016.02.06-06.59.06:720][  0]LogInit: XAudio2 using 'Speakers (Realtek High Definition Audio)' : 2 channels at 48 kHz using 32 bits per sample (channel mask 0x3)
[2016.02.06-06.59.07:079][  0]LogInit: FAudioDevice initialized.
[2016.02.06-06.59.07:104][  0]LogDerivedDataCache: Saved boot cache 0.02s 41MB C:/Users/Wan/AppData/Local/UnrealEngine/4.10/DerivedDataCache/Boot.ddc.
[2016.02.06-06.59.07:109][  0]LogInit: Texture streaming: Enabled
[2016.02.06-06.59.07:222][  0]LogAnalytics: Creating configured Analytics provider AnalyticsET
[2016.02.06-06.59.07:222][  0]LogAnalytics: [UEEditor.Rocket.Release] APIServer = http://et2.epicgames.com/ET2/. AppVersion = 4.10.2-2818068+++depot+UE4-Releases+4.10
[2016.02.06-06.59.07:222][  0]LogAnalytics: [UEEditor.Rocket.Release] SetUserId 798d535c49d2ed29a46a6988f898b262|c4ac8be98979479b823bd52dfe3d984a|30054920-3bb5-463d-a789-9b373c6683ef
[2016.02.06-06.59.07:222][  0]LogAnalytics: [UEEditor.Rocket.Release] AnalyticsET::StartSession
[2016.02.06-06.59.07:502][  0]LogInit: Transaction tracking system initialized
[2016.02.06-06.59.07:797][  0]BlueprintLog: New page: Editor Load
[2016.02.06-06.59.10:765][  0]LocalizationService: Info Localization service is disabled
[2016.02.06-06.59.11:646][  0]LogConsoleResponse:Display: 
[2016.02.06-06.59.14:071][  0]LogFileCache: Scanning file cache for directory 'C:/Users/Wan/Documents/GitHub/Blob/Content/' took 0.02s
[2016.02.06-06.59.14:071][  0]LogCook:Display: Done creating registry. It took  0.00s.
[2016.02.06-06.59.15:529][  0]SourceControl: Info Source control is disabled
[2016.02.06-06.59.15:529][  0]Cmd: MAP LOAD FILE="../../../../../../Users/Wan/Documents/GitHub/Blob/Content/RollingBP/Maps/RollingBPExampleMap.umap" TEMPLATE=0 SHOWPROGRESS=1 FEATURELEVEL=3
[2016.02.06-06.59.15:591][  0]LightingResults: New page: Lighting Build
[2016.02.06-06.59.15:595][  0]MapCheck: New page: Map Check
[2016.02.06-06.59.15:595][  0]LightingResults: New page: Lighting Build
[2016.02.06-06.59.15:616][  0]LogParticles: Destroying 0 GPU particle simulations for FXSystem 0x0000004CFBC07B00
[2016.02.06-06.59.19:635][  0]LogAIModule: Creating AISystem for world RollingBPExampleMap
[2016.02.06-06.59.20:499][  0]LogEditorServer: Finished looking for orphan Actors (0.170 secs)
[2016.02.06-06.59.21:326][  0]Cmd: MAP CHECKDEP NOCLEARLOG
[2016.02.06-06.59.21:566][  0]MapCheck: Info Map check complete: 0 Error(s), 0 Warning(s), took 239.666ms to complete.
[2016.02.06-06.59.21:643][  0]LogFileHelpers: Loading map 'RollingBPExampleMap' took 6.113
[2016.02.06-06.59.32:559][  0]LogCollectionManager: Loaded 0 collections in 0.002560 seconds
[2016.02.06-06.59.32:978][  0]LogFileCache: Scanning file cache for directory 'C:/Users/Wan/Documents/GitHub/Blob/Saved/Collections/' took 0.01s
[2016.02.06-06.59.32:978][  0]LogFileCache: Scanning file cache for directory 'C:/Users/Wan/Documents/GitHub/Blob/Content/Developers/Pigoblock/Collections/' took 0.01s
[2016.02.06-06.59.32:978][  0]LogFileCache: Scanning file cache for directory 'C:/Users/Wan/Documents/GitHub/Blob/Content/Collections/' took 0.01s
[2016.02.06-06.59.32:978][  0]LogCollectionManager: Rebuilt the GUID cache for 0 collections in 0.000003 seconds
[2016.02.06-06.59.33:028][  0]LogContentBrowser: Native class hierarchy populated in 0.0311 seconds. Added 1893 classes and 338 folders.
[2016.02.06-06.59.33:351][  0]LogContentBrowser: Native class hierarchy updated for 'WidgetCarousel' in 0.0005 seconds. Added 0 classes and 0 folders.
[2016.02.06-06.59.34:887][  0]LogContentBrowser: Native class hierarchy updated for 'AddContentDialog' in 0.0004 seconds. Added 0 classes and 0 folders.
[2016.02.06-06.59.35:038][  0]LogContentBrowser: Native class hierarchy updated for 'SceneOutliner' in 0.0004 seconds. Added 1 classes and 2 folders.
[2016.02.06-06.59.36:311][  0]LogCrashTracker: Crashtracker disabled due to settings.
[2016.02.06-06.59.36:917][  0]LogUObjectGlobals:Warning: Failed to find object 'Class None.'
[2016.02.06-06.59.37:044][  0]LogLoad: Full Startup: 81.90 seconds (BP compile: 0.19 seconds)
[2016.02.06-06.59.37:408][  0]LogOcInput: Can't find Oculus library dev build: is proper Runtime installed? Version: 0.8.0.0
[2016.02.06-06.59.38:788][  0]LogContentStreaming: Texture pool size now 1000 MB
[2016.02.06-06.59.40:901][  0]LogRenderer: Reallocating scene render targets to support 1208x568 (Frame:2).
[2016.02.06-06.59.43:121][  1]LogEditorViewport: Clicking on Actor (LMB): StaticMeshActor (TemplateCube_Rounded_26)
[2016.02.06-06.59.56:763][  1]LogEditorViewport: Clicking on Actor (LMB): BP_Sky_Sphere_C (SkyShereBlueprint)
[2016.02.06-06.59.57:024][  1]LogEditorViewport: Clicking on Actor (LMB): StaticMeshActor (TemplateCube_Rounded_30)
[2016.02.06-06.59.58:476][  6]LogAssetRegistry: Asset discovery search completed in 73.8692 seconds
[2016.02.06-06.59.58:476][  6]LogCollectionManager: Rebuilt the object cache for 0 collections in 0.000001 seconds (found 0 objects)
[2016.02.06-06.59.58:476][  6]LogCollectionManager: Fixed up redirectors for 0 collections in 0.000023 seconds (updated 0 objects)
[2016.02.06-07.01.47:610][451]LogEditorViewport: Clicking on Actor (LMB): PhysicsBallBP_C (PhysicsBallBP)
[2016.02.06-07.02.21:241][197]LogActorFactory: Actor Factory created Cube
[2016.02.06-07.02.21:697][201]LogActorFactory: Actor Factory created Cube
[2016.02.06-07.03.37:475][351]LogLinker:Warning: Asset '../../../Engine/Content/ArtTools/RenderToTexture/Macros/RenderToTextureMacros.uasset' has been saved with empty engine version. The asset will be loaded but may be incompatible.
[2016.02.06-07.03.38:368][351]LogContentBrowser: Native class hierarchy updated for 'BlueprintGraph' in 0.0018 seconds. Added 107 classes and 0 folders.
[2016.02.06-07.03.39:734][352]LogRenderer: Reallocating scene render targets to support 1208x740 (Frame:2508).
[2016.02.06-07.04.37:722][317]LogBlueprintUserMessages: Early PlayInEditor Detection: Level '/Game/RollingBP/Maps/RollingBPExampleMap.RollingBPExampleMap:PersistentLevel' has LevelScriptBlueprint '/Game/RollingBP/Maps/RollingBPExampleMap.RollingBPExampleMap:PersistentLevel.RollingBPExampleMap' with GeneratedClass '/Game/RollingBP/Maps/RollingBPExampleMap.RollingBPExampleMap_C' with ClassGeneratedBy '/Game/RollingBP/Maps/RollingBPExampleMap.RollingBPExampleMap:PersistentLevel.RollingBPExampleMap'
[2016.02.06-07.04.37:723][317]LogPlayLevel: PlayLevel: No blueprints needed recompiling
[2016.02.06-07.04.37:728][317]PIE: New page: PIE session: RollingBPExampleMap (6 Feb 2016 11:04:37 pm)
[2016.02.06-07.04.37:729][317]LogPlayLevel: Creating play world package: /Game/RollingBP/Maps/UEDPIE_0_RollingBPExampleMap
[2016.02.06-07.04.37:856][317]LogPlayLevel: PIE: StaticDuplicateObject took: (0.126391s)
[2016.02.06-07.04.37:857][317]LogAIModule: Creating AISystem for world RollingBPExampleMap
[2016.02.06-07.04.37:857][317]LogPlayLevel: PIE: World Init took: (0.000862s)
[2016.02.06-07.04.37:857][317]LogPlayLevel: PIE: Created PIE world by copying editor world from /Game/RollingBP/Maps/RollingBPExampleMap.RollingBPExampleMap to /Game/RollingBP/Maps/UEDPIE_0_RollingBPExampleMap.RollingBPExampleMap (0.128627s)
[2016.02.06-07.04.37:938][317]LogInit: XAudio2 using 'Speakers (Realtek High Definition Audio)' : 2 channels at 48 kHz using 32 bits per sample (channel mask 0x3)
[2016.02.06-07.04.37:963][317]LogInit: FAudioDevice initialized.
[2016.02.06-07.04.38:156][317]LogWorld: Game class is 'RollingGameMode_C'
[2016.02.06-07.04.38:263][317]LogWorld: Bringing World /Game/RollingBP/Maps/UEDPIE_0_RollingBPExampleMap.RollingBPExampleMap up for play (max tick rate 60) at 2016.02.06-15.04.38
[2016.02.06-07.04.38:263][317]LogActor:Warning: GameSession /Game/RollingBP/Maps/UEDPIE_0_RollingBPExampleMap.RollingBPExampleMap:PersistentLevel.GameSession_0 has natively added scene component(s), but none of them were set as the actor's RootComponent - picking one arbitrarily
[2016.02.06-07.04.38:285][317]LogActor:Warning: GameNetworkManager /Game/RollingBP/Maps/UEDPIE_0_RollingBPExampleMap.RollingBPExampleMap:PersistentLevel.GameNetworkManager_0 has natively added scene component(s), but none of them were set as the actor's RootComponent - picking one arbitrarily
[2016.02.06-07.04.38:294][317]LogWorld: Bringing up level for play took: 0.041216
[2016.02.06-07.04.38:418][317]PIE: Info Play in editor start time for /Game/RollingBP/Maps/UEDPIE_0_RollingBPExampleMap 0.949
[2016.02.06-07.04.38:418][317]LogBlueprintUserMessages: Late PlayInEditor Detection: Level '/Game/RollingBP/Maps/RollingBPExampleMap.RollingBPExampleMap:PersistentLevel' has LevelScriptBlueprint '/Game/RollingBP/Maps/RollingBPExampleMap.RollingBPExampleMap:PersistentLevel.RollingBPExampleMap' with GeneratedClass '/Game/RollingBP/Maps/RollingBPExampleMap.RollingBPExampleMap_C' with ClassGeneratedBy '/Game/RollingBP/Maps/RollingBPExampleMap.RollingBPExampleMap:PersistentLevel.RollingBPExampleMap'
[2016.02.06-07.04.47:258][575]LogBlueprintUserMessages: Early EndPlayMap Detection: Level '/Game/RollingBP/Maps/RollingBPExampleMap.RollingBPExampleMap:PersistentLevel' has LevelScriptBlueprint '/Game/RollingBP/Maps/RollingBPExampleMap.RollingBPExampleMap:PersistentLevel.RollingBPExampleMap' with GeneratedClass '/Game/RollingBP/Maps/RollingBPExampleMap.RollingBPExampleMap_C' with ClassGeneratedBy '/Game/RollingBP/Maps/RollingBPExampleMap.RollingBPExampleMap:PersistentLevel.RollingBPExampleMap'
[2016.02.06-07.04.47:453][575]LogBlueprintUserMessages: Late EndPlayMap Detection: Level '/Game/RollingBP/Maps/RollingBPExampleMap.RollingBPExampleMap:PersistentLevel' has LevelScriptBlueprint '/Game/RollingBP/Maps/RollingBPExampleMap.RollingBPExampleMap:PersistentLevel.RollingBPExampleMap' with GeneratedClass '/Game/RollingBP/Maps/RollingBPExampleMap.RollingBPExampleMap_C' with ClassGeneratedBy '/Game/RollingBP/Maps/RollingBPExampleMap.RollingBPExampleMap:PersistentLevel.RollingBPExampleMap'
[2016.02.06-07.04.47:516][575]LogParticles: Destroying 0 GPU particle simulations for FXSystem 0x0000004CBCEDCD60
[2016.02.06-07.05.33:552][493]LogSavePackage: Save=5159.941895ms
[2016.02.06-07.05.33:552][493]LogSavePackage: Moving '../../../../../../Users/Wan/Documents/GitHub/Blob/Saved/RollingBPExampleMap0FCA4B00490E3A62AC7525B82E1411A8.tmp' to '../../../../../../Users/Wan/Documents/GitHub/Blob/Content/RollingBP/Maps/RollingBPExampleMap.umap'
[2016.02.06-07.05.33:559][493]LogSavePackage: Total save time: 5496.854838ms
[2016.02.06-07.05.33:559][493]LogSavePackage:Display: Finished SavePackage ../../../../../../Users/Wan/Documents/GitHub/Blob/Content/RollingBP/Maps/RollingBPExampleMap.umap
[2016.02.06-07.05.33:758][493]LogFileHelpers: Saving map 'RollingBPExampleMap' took 5.853
[2016.02.06-07.05.33:824][493]Cmd: OBJ SAVEPACKAGE PACKAGE="/Game/Cube_Blueprint" FILE="../../../../../../Users/Wan/Documents/GitHub/Blob/Content/Cube_Blueprint.uasset" SILENT=true
[2016.02.06-07.05.33:886][493]LogSavePackage: Save=60.674229ms
[2016.02.06-07.05.33:886][493]LogSavePackage: Moving '../../../../../../Users/Wan/Documents/GitHub/Blob/Saved/Cube_Blueprint54E9B3CC4DE5BB1D671BF39584B8F408.tmp' to '../../../../../../Users/Wan/Documents/GitHub/Blob/Content/Cube_Blueprint.uasset'
[2016.02.06-07.05.33:889][493]LogSavePackage: Total save time: 64.355783ms
[2016.02.06-07.05.33:889][493]LogSavePackage:Display: Finished SavePackage ../../../../../../Users/Wan/Documents/GitHub/Blob/Content/Cube_Blueprint.uasset
[2016.02.06-07.07.04:586][696]LogEditorActor: Deleted Actor: Cube_Blueprint_C
[2016.02.06-07.07.04:626][696]LogParticles: Destroying 0 GPU particle simulations for FXSystem 0x0000004CE92E8360
[2016.02.06-07.07.04:670][696]LogEditorActor: Deleted 1 Actors (0.086 secs)
[2016.02.06-07.07.09:904][819]LogBlueprintUserMessages: Early PlayInEditor Detection: Level '/Game/RollingBP/Maps/RollingBPExampleMap.RollingBPExampleMap:PersistentLevel' has LevelScriptBlueprint '/Game/RollingBP/Maps/RollingBPExampleMap.RollingBPExampleMap:PersistentLevel.RollingBPExampleMap' with GeneratedClass '/Game/RollingBP/Maps/RollingBPExampleMap.RollingBPExampleMap_C' with ClassGeneratedBy '/Game/RollingBP/Maps/RollingBPExampleMap.RollingBPExampleMap:PersistentLevel.RollingBPExampleMap'
[2016.02.06-07.07.09:904][819]LogPlayLevel: PlayLevel: No blueprints needed recompiling
[2016.02.06-07.07.09:904][819]PIE: New page: PIE session: RollingBPExampleMap (6 Feb 2016 11:07:09 pm)
[2016.02.06-07.07.09:905][819]LogPlayLevel: Creating play world package: /Game/RollingBP/Maps/UEDPIE_0_RollingBPExampleMap
[2016.02.06-07.07.09:956][819]LogPlayLevel: PIE: StaticDuplicateObject took: (0.051705s)
[2016.02.06-07.07.09:957][819]LogAIModule: Creating AISystem for world RollingBPExampleMap
[2016.02.06-07.07.09:957][819]LogPlayLevel: PIE: World Init took: (0.000794s)
[2016.02.06-07.07.09:957][819]LogPlayLevel: PIE: Created PIE world by copying editor world from /Game/RollingBP/Maps/RollingBPExampleMap.RollingBPExampleMap to /Game/RollingBP/Maps/UEDPIE_0_RollingBPExampleMap.RollingBPExampleMap (0.052749s)
[2016.02.06-07.07.10:069][819]LogInit: XAudio2 using 'Speakers (Realtek High Definition Audio)' : 2 channels at 48 kHz using 32 bits per sample (channel mask 0x3)
[2016.02.06-07.07.10:076][819]LogInit: FAudioDevice initialized.
[2016.02.06-07.07.10:120][819]LogWorld: Game class is 'RollingGameMode_C'
[2016.02.06-07.07.10:132][819]LogWorld: Bringing World /Game/RollingBP/Maps/UEDPIE_0_RollingBPExampleMap.RollingBPExampleMap up for play (max tick rate 60) at 2016.02.06-15.07.10
[2016.02.06-07.07.10:132][819]LogActor:Warning: GameSession /Game/RollingBP/Maps/UEDPIE_0_RollingBPExampleMap.RollingBPExampleMap:PersistentLevel.GameSession_1 has natively added scene component(s), but none of them were set as the actor's RootComponent - picking one arbitrarily
[2016.02.06-07.07.10:132][819]LogActor:Warning: GameNetworkManager /Game/RollingBP/Maps/UEDPIE_0_RollingBPExampleMap.RollingBPExampleMap:PersistentLevel.GameNetworkManager_1 has natively added scene component(s), but none of them were set as the actor's RootComponent - picking one arbitrarily
[2016.02.06-07.07.10:136][819]LogWorld: Bringing up level for play took: 0.014201
[2016.02.06-07.07.10:138][819]PIE: Info Play in editor start time for /Game/RollingBP/Maps/UEDPIE_0_RollingBPExampleMap 0.669
[2016.02.06-07.07.10:138][819]LogBlueprintUserMessages: Late PlayInEditor Detection: Level '/Game/RollingBP/Maps/RollingBPExampleMap.RollingBPExampleMap:PersistentLevel' has LevelScriptBlueprint '/Game/RollingBP/Maps/RollingBPExampleMap.RollingBPExampleMap:PersistentLevel.RollingBPExampleMap' with GeneratedClass '/Game/RollingBP/Maps/RollingBPExampleMap.RollingBPExampleMap_C' with ClassGeneratedBy '/Game/RollingBP/Maps/RollingBPExampleMap.RollingBPExampl